<?xml version="1.0" encoding="UTF-8"?>
<!-- Generated by org.testng.reporters.JUnitReportReporter -->
<testsuite hostname="Admin-PC" failures="0" tests="1" name="org.testingjava.TestNg" time="0.012" errors="0" timestamp="18 Nov 2021 10:22:30 GMT" skipped="0">
  <testcase classname="org.testingjava.TestNg" name="tc03" time="0.012"/>
</testsuite> <!-- org.testingjava.TestNg -->
