<?xml version="1.0" encoding="UTF-8"?>
<!-- Generated by org.testng.reporters.JUnitReportReporter -->
<testsuite hostname="Admin-PC" failures="0" tests="4" name="org.testingjava.parallelexcution" time="0.062" errors="0" timestamp="22 Nov 2021 14:22:17 GMT" skipped="0">
  <testcase classname="org.testingjava.parallelexcution" name="tco6" time="0.043"/>
  <testcase classname="org.testingjava.parallelexcution" name="tco4" time="0.014"/>
  <testcase classname="org.testingjava.parallelexcution" name="tco3" time="0.002"/>
  <testcase classname="org.testingjava.parallelexcution" name="tco5" time="0.003"/>
</testsuite> <!-- org.testingjava.parallelexcution -->
