<?xml version="1.0" encoding="UTF-8"?>
<!-- Generated by org.testng.reporters.JUnitReportReporter -->
<testsuite hostname="Admin-PC" failures="0" tests="3" name="org.testingjava.DataProvder" time="22.153" errors="0" timestamp="18 Nov 2021 12:12:33 GMT" skipped="0">
  <testcase classname="org.testingjava.DataProvder" name="tco1" time="6.725"/>
  <testcase classname="org.testingjava.DataProvder" name="tco1" time="9.223"/>
  <testcase classname="org.testingjava.DataProvder" name="tco1" time="6.205"/>
</testsuite> <!-- org.testingjava.DataProvder -->
